build/app/outputs/mapping/release/mapping.txt
# compiler: R8
# compiler_version: 2.1.62
# min_api: 16
# pg_map_id: a68ee5d
# common_typos_disable
...
io.flutter.embedding.engine.systemchannels.RestorationChannel$1 -> io.flutter.embedding.engine.j.k$a:
    byte[] val$data -> a
    io.flutter.embedding.engine.systemchannels.RestorationChannel this$0 -> b
    void success(java.lang.Object) -> a
    void error(java.lang.String,java.lang.String,java.lang.Object) -> b
    void notImplemented() -> c
io.flutter.embedding.engine.systemchannels.RestorationChannel$2 -> io.flutter.embedding.engine.j.k$b:
    io.flutter.embedding.engine.systemchannels.RestorationChannel this$0 -> a
    void onMethodCall(io.flutter.plugin.common.MethodCall,io.flutter.plugin.common.MethodChannel$Result) -> a
io.flutter.embedding.engine.systemchannels.SettingsChannel -> io.flutter.embedding.engine.j.l:
    io.flutter.plugin.common.BasicMessageChannel channel -> a
    io.flutter.embedding.engine.systemchannels.SettingsChannel$MessageBuilder startMessage() -> a
io.flutter.embedding.engine.systemchannels.SettingsChannel$MessageBuilder -> io.flutter.embedding.engine.j.l$a:
    java.util.Map message -> b
    io.flutter.plugin.common.BasicMessageChannel channel -> a
    void send() -> a
    io.flutter.embedding.engine.systemchannels.SettingsChannel$MessageBuilder setPlatformBrightness(io.flutter.embedding.engine.systemchannels.SettingsChannel$PlatformBrightness) -> b
    io.flutter.embedding.engine.systemchannels.SettingsChannel$MessageBuilder setTextScaleFactor(float) -> c
    io.flutter.embedding.engine.systemchannels.SettingsChannel$MessageBuilder setUse24HourFormat(boolean) -> d
io.flutter.embedding.engine.systemchannels.SettingsChannel$PlatformBrightness -> io.flutter.embedding.engine.j.l$b:
    io.flutter.embedding.engine.systemchannels.SettingsChannel$PlatformBrightness dark -> c
    io.flutter.embedding.engine.systemchannels.SettingsChannel$PlatformBrightness[] $VALUES -> d
    io.flutter.embedding.engine.systemchannels.SettingsChannel$PlatformBrightness light -> b
    java.lang.String name -> a
io.flutter.embedding.engine.systemchannels.SystemChannel -> io.flutter.embedding.engine.j.m:
    io.flutter.plugin.common.BasicMessageChannel channel -> a
    void sendMemoryPressureWarning() -> a
io.flutter.embedding.engine.systemchannels.TextInputChannel -> io.flutter.embedding.engine.j.n:
    io.flutter.plugin.common.MethodChannel$MethodCallHandler parsingMethodHandler -> c
    io.flutter.embedding.engine.systemchannels.TextInputChannel$TextInputMethodHandler textInputMethodHandler -> b
    io.flutter.plugin.common.MethodChannel channel -> a
    io.flutter.embedding.engine.systemchannels.TextInputChannel$TextInputMethodHandler access$000(io.flutter.embedding.engine.systemchannels.TextInputChannel) -> a
    java.util.HashMap createEditingStateJSON(java.lang.String,int,int,int,int) -> b
    void done(int) -> c
    void go(int) -> d
    void newline(int) -> e
    void next(int) -> f
    void performPrivateCommand(int,java.lang.String,android.os.Bundle) -> g
    void previous(int) -> h
    void requestExistingInputState() -> i
    void search(int) -> j
    void send(int) -> k
    void setTextInputMethodHandler(io.flutter.embedding.engine.systemchannels.TextInputChannel$TextInputMethodHandler) -> l
    void unspecifiedAction(int) -> m
    void updateEditingState(int,java.lang.String,int,int,int,int) -> n
    void updateEditingStateWithTag(int,java.util.HashMap) -> o
io.flutter.embedding.engine.systemchannels.TextInputChannel$1 -> io.flutter.embedding.engine.j.n$a:
    io.flutter.embedding.engine.systemchannels.TextInputChannel this$0 -> a
    void onMethodCall(io.flutter.plugin.common.MethodCall,io.flutter.plugin.common.MethodChannel$Result) -> a